0.000000 0.000000
0.020000 -0.001885
0.040000 -0.010228
0.060000 -0.014163
0.080000 -0.014766
0.100000 -0.016091
0.120000 -0.036821
0.140000 -0.048711
0.160000 -0.041422
0.180000 -0.001290
0.200000 0.036362
0.220000 0.070149
0.240000 0.091942
0.260000 0.096342
0.280000 0.089422
0.300000 0.075668
0.320000 0.081019
0.340000 0.084833
0.360000 0.100884
0.380000 0.106220
0.400000 0.111937
0.420000 0.109444
0.440000 0.106443
0.460000 0.104156
0.480000 0.106690
0.500000 0.111996
0.520000 0.115539
0.540000 0.101779
0.560000 0.074581
0.580000 0.058847
0.600000 0.047691
0.620000 0.049618
0.640000 0.042671
0.660000 0.033344
0.680000 0.007146
0.700000 -0.014955
0.720000 -0.031251
0.740000 -0.043637
0.760000 -0.044543
0.780000 -0.034934
0.800000 -0.020316
0.820000 -0.011826
0.840000 -0.026692
0.860000 -0.045548
0.880000 -0.062565
0.900000 -0.058419
0.920000 -0.046279
0.940000 -0.040722
0.960000 -0.032910
0.980000 -0.015507
1.000000 -0.001813
1.020000 -0.009268
1.040000 -0.032259
1.060000 -0.043637
1.080000 -0.039548
1.100000 -0.020224
1.120000 -0.005626
1.140000 -0.003407
1.160000 -0.009102
1.180000 -0.019657
1.200000 -0.035988
1.220000 -0.056216
1.240000 -0.070197
1.260000 -0.065489
1.280000 -0.069024
1.300000 -0.092727
1.320000 -0.113081
1.340000 -0.105239
1.360000 -0.103086
1.380000 -0.106032
1.400000 -0.121893
1.420000 -0.110503
1.440000 -0.112567
1.460000 -0.115607
1.480000 -0.123227
1.500000 -0.112109
1.520000 -0.101601
1.540000 -0.096925
1.560000 -0.106520
1.580000 -0.089110
1.600000 -0.073928
1.620000 -0.048997
1.640000 -0.064456
1.660000 -0.071578
1.680000 -0.093893
1.700000 -0.102313
1.720000 -0.102928
1.740000 -0.075973
1.760000 -0.040320
1.780000 -0.026583
1.800000 -0.027059
1.820000 -0.035906
1.840000 -0.044352
1.860000 -0.045194
1.880000 -0.037488
1.900000 -0.010557
1.920000 0.004333
1.940000 0.011524
1.960000 0.020129
1.980000 0.047866
2.000000 0.064436
2.020000 0.066368
2.040000 0.044084
2.060000 0.016807
2.080000 -0.006391
2.100000 -0.016275
2.120000 -0.006206
2.140000 0.008816
2.160000 0.000943
2.180000 -0.012308
2.200000 -0.029998
2.220000 -0.032554
2.240000 -0.030559
2.260000 -0.027515
2.280000 -0.021193
2.300000 -0.013513
2.320000 -0.007664
2.340000 0.005694
2.360000 0.014009
2.380000 0.015400
2.400000 0.005186
2.420000 -0.005537
2.440000 0.005710
2.460000 0.034968
2.480000 0.074863
2.500000 0.108228
2.520000 0.142189
2.540000 0.162694
2.560000 0.170253
2.580000 0.166389
2.600000 0.159130
2.620000 0.153993
2.640000 0.153843
2.660000 0.162482
2.680000 0.192470
2.700000 0.224879
2.720000 0.252317
2.740000 0.254415
2.760000 0.214830
2.780000 0.167580
2.800000 0.120383
2.820000 0.124945
2.840000 0.133330
2.860000 0.152955
2.880000 0.150007
2.900000 0.154494
2.920000 0.149133
2.940000 0.133227
2.960000 0.120344
2.980000 0.114490
3.000000 0.125742
3.020000 0.129580
3.040000 0.119425
3.060000 0.098090
3.080000 0.061690
3.100000 0.044586
3.120000 0.030485
3.140000 0.018444
3.160000 0.000274
3.180000 -0.028966
3.200000 -0.039248
3.220000 -0.046804
3.240000 -0.032961
3.260000 -0.027747
3.280000 -0.031932
3.300000 -0.032022
3.320000 -0.035903
3.340000 -0.040603
3.360000 -0.054845
3.380000 -0.058390
3.400000 -0.060613
3.420000 -0.067804
3.440000 -0.073739
3.460000 -0.064343
3.480000 -0.050707
3.500000 -0.028524
3.520000 -0.029024
3.540000 -0.060856
3.560000 -0.108131
3.580000 -0.135846
3.600000 -0.137104
3.620000 -0.131898
3.640000 -0.146254
3.660000 -0.165414
3.680000 -0.176813
3.700000 -0.164964
3.720000 -0.128994
3.740000 -0.105202
3.760000 -0.076490
3.780000 -0.055337
3.800000 -0.029180
3.820000 -0.015568
3.840000 -0.019317
3.860000 -0.020583
3.880000 -0.013061
3.900000 0.005595
3.920000 0.009004
3.940000 -0.000475
3.960000 -0.014215
3.980000 -0.002457
4.000000 0.013969
4.020000 0.017337
4.040000 0.006761
4.060000 -0.013425
4.080000 -0.025263
4.100000 -0.038603
4.120000 -0.039999
4.140000 -0.019521
4.160000 0.001296
4.180000 0.013133
4.200000 0.022789
4.220000 0.032479
4.240000 0.032938
4.260000 0.016786
4.280000 0.008681
4.300000 -0.004145
4.320000 -0.027082
4.340000 -0.059933
4.360000 -0.071772
4.380000 -0.072425
4.400000 -0.069508
4.420000 -0.070135
4.440000 -0.067220
4.460000 -0.068383
4.480000 -0.066697
4.500000 -0.081758
4.520000 -0.090991
4.540000 -0.117360
4.560000 -0.141642
4.580000 -0.168202
4.600000 -0.179885
4.620000 -0.171916
4.640000 -0.164911
4.660000 -0.154292
4.680000 -0.152328
4.700000 -0.143496
4.720000 -0.128313
4.740000 -0.107682
4.760000 -0.100379
4.780000 -0.096276
4.800000 -0.074316
4.820000 -0.023070
4.840000 0.020896
4.860000 0.054958
4.880000 0.069683
4.900000 0.082895
4.920000 0.086264
4.940000 0.088139
4.960000 0.092283
4.980000 0.095321
5.000000 0.089886
5.020000 0.074355
5.040000 0.050440
5.060000 0.033686
5.080000 0.034316
5.100000 0.054183
5.120000 0.078044
5.140000 0.083392
5.160000 0.070717
5.180000 0.057408
5.200000 0.039941
5.220000 0.040342
5.240000 0.038784
5.260000 0.040286
5.280000 0.037502
5.300000 0.041699
5.320000 0.058610
5.340000 0.079274
5.360000 0.099448
5.380000 0.104890
5.400000 0.097184
5.420000 0.088775
5.440000 0.096295
5.460000 0.095101
5.480000 0.091123
5.500000 0.081003
5.520000 0.074741
5.540000 0.062138
5.560000 0.051069
5.580000 0.045790
5.600000 0.031013
5.620000 0.019774
5.640000 0.013971
5.660000 0.018130
5.680000 0.036446
5.700000 0.056063
5.720000 0.091343
5.740000 0.102391
5.760000 0.103179
5.780000 0.085320
5.800000 0.075329
5.820000 0.062742
5.840000 0.054820
5.860000 0.046305
5.880000 0.047842
5.900000 0.053099
5.920000 0.060064
5.940000 0.056536
5.960000 0.047874
5.980000 0.030164
6.000000 0.020272
6.020000 0.015400
6.040000 0.023836
6.060000 0.023092
6.080000 0.009831
6.100000 -0.011724
6.120000 -0.004681
6.140000 0.013097
6.160000 0.032345
6.180000 0.028497
6.200000 0.035735
6.220000 0.038731
6.240000 0.040360
6.260000 0.023373
6.280000 0.006929
6.300000 0.000883
6.320000 -0.004609
6.340000 0.000656
6.360000 0.004572
6.380000 0.002424
6.400000 0.005434
6.420000 0.014346
6.440000 0.025123
6.460000 0.028764
6.480000 0.018672
6.500000 0.021003
6.520000 0.033097
6.540000 0.038067
6.560000 0.025639
6.580000 -0.005893
6.600000 -0.033122
6.620000 -0.044287
6.640000 -0.034311
6.660000 -0.018153
6.680000 0.010909
6.700000 0.033016
6.720000 0.041719
6.740000 0.018935
6.760000 -0.021218
6.780000 -0.026794
6.800000 -0.006244
6.820000 0.027197
6.840000 0.037830
6.860000 0.030637
6.880000 0.006285
6.900000 -0.021372
6.920000 -0.038863
6.940000 -0.052681
6.960000 -0.048123
6.980000 -0.048813
7.000000 -0.052585
7.020000 -0.057757
7.040000 -0.059383
7.060000 -0.044583
7.080000 -0.041034
7.100000 -0.036567
7.120000 -0.024814
7.140000 0.007589
7.160000 0.045284
7.180000 0.083845
7.200000 0.103654
7.220000 0.101967
7.240000 0.102735
7.260000 0.098378
7.280000 0.093516
7.300000 0.079786
7.320000 0.064409
7.340000 0.052207
7.360000 0.025950
7.380000 0.022443
7.400000 0.024034
7.420000 0.025287
7.440000 0.008753
7.460000 -0.003220
7.480000 -0.004339
7.500000 0.011283
7.520000 0.043695
7.540000 0.077073
7.560000 0.086228
7.580000 0.071908
7.600000 0.049563
7.620000 0.049983
7.640000 0.060880
7.660000 0.063478
7.680000 0.037436
7.700000 0.005693
7.720000 -0.016375
7.740000 -0.004080
7.760000 0.016378
7.780000 0.015621
7.800000 -0.013201
7.820000 -0.050850
7.840000 -0.062169
7.860000 -0.061321
7.880000 -0.044139
7.900000 -0.020817
7.920000 0.003971
7.940000 0.000556
7.960000 -0.037007
7.980000 -0.091309
8.000000 -0.133859
8.020000 -0.155029
8.040000 -0.167362
8.060000 -0.174221
8.080000 -0.177287
8.100000 -0.170235
8.120000 -0.150815
8.140000 -0.127284
8.160000 -0.102151
8.180000 -0.086871
8.200000 -0.065995
8.220000 -0.063589
8.240000 -0.075710
8.260000 -0.100631
8.280000 -0.118653
8.300000 -0.121007
8.320000 -0.117155
8.340000 -0.118791
8.360000 -0.131803
8.380000 -0.147262
8.400000 -0.148884
8.420000 -0.149278
8.440000 -0.154799
8.460000 -0.157716
8.480000 -0.153046
8.500000 -0.128914
8.520000 -0.110043
8.540000 -0.091201
8.560000 -0.082215
8.580000 -0.095945
8.600000 -0.115791
8.620000 -0.140389
8.640000 -0.141495
8.660000 -0.134154
8.680000 -0.116782
8.700000 -0.109889
8.720000 -0.112420
8.740000 -0.126670
8.760000 -0.110133
8.780000 -0.092055
8.800000 -0.069506
8.820000 -0.068507
8.840000 -0.060372
8.860000 -0.052336
8.880000 -0.037728
8.900000 -0.011659
8.920000 0.022362
8.940000 0.054866
8.960000 0.070021
8.980000 0.070742
9.000000 0.069004
9.020000 0.062481
9.040000 0.066297
9.060000 0.067273
9.080000 0.072058
9.100000 0.080697
9.120000 0.095211
9.140000 0.113228
9.160000 0.124311
9.180000 0.134037
9.200000 0.148887
9.220000 0.150071
9.240000 0.146884
9.260000 0.139119
9.280000 0.146444
9.300000 0.150392
9.320000 0.149264
9.340000 0.143241
9.360000 0.136471
9.380000 0.142861
9.400000 0.156366
9.420000 0.158585
9.440000 0.143640
9.460000 0.108696
9.480000 0.083713
9.500000 0.078216
9.520000 0.067544
9.540000 0.051949
9.560000 0.018259
9.580000 -0.004361
9.600000 -0.010450
9.620000 -0.013911
9.640000 -0.017312
9.660000 -0.031106
9.680000 -0.035733
9.700000 -0.029990
9.720000 -0.036852
9.740000 -0.055710
9.760000 -0.079170
9.780000 -0.092092
9.800000 -0.102453
9.820000 -0.106884
9.840000 -0.095803
9.860000 -0.080396
9.880000 -0.054698
9.900000 -0.038543
9.920000 -0.018868
9.940000 -0.017880
9.960000 -0.014642
9.980000 -0.017676
