0.000000 0.000000
0.020000 0.001885
0.040000 0.010228
0.060000 0.014163
0.080000 0.016651
0.100000 0.026319
0.120000 0.050984
0.140000 0.065362
0.160000 0.067741
0.180000 0.052274
0.200000 0.029000
0.220000 -0.002408
0.240000 -0.039668
0.260000 -0.067342
0.280000 -0.091830
0.300000 -0.115336
0.320000 -0.148361
0.340000 -0.176663
0.360000 -0.216220
0.380000 -0.254581
0.400000 -0.288600
0.420000 -0.325664
0.440000 -0.361024
0.460000 -0.392756
0.480000 -0.432354
0.500000 -0.473020
0.520000 -0.508295
0.540000 -0.534133
0.560000 -0.547601
0.580000 -0.567142
0.600000 -0.581824
0.620000 -0.597219
0.640000 -0.609813
0.660000 -0.615168
0.680000 -0.604365
0.700000 -0.594858
0.720000 -0.583917
0.740000 -0.560728
0.760000 -0.550315
0.780000 -0.548983
0.800000 -0.540412
0.820000 -0.538489
0.840000 -0.522291
0.860000 -0.494864
0.880000 -0.475924
0.900000 -0.463872
0.920000 -0.448585
0.940000 -0.435202
0.960000 -0.430962
0.980000 -0.433078
1.000000 -0.433389
1.020000 -0.421694
1.040000 -0.400819
1.060000 -0.389752
1.080000 -0.382146
1.100000 -0.380595
1.120000 -0.384126
1.140000 -0.378739
1.160000 -0.371493
1.180000 -0.364469
1.200000 -0.342751
1.220000 -0.315277
1.240000 -0.294272
1.260000 -0.277262
1.280000 -0.246253
1.300000 -0.201545
1.320000 -0.164181
1.340000 -0.141014
1.360000 -0.098459
1.380000 -0.058149
1.400000 -0.019121
1.420000 0.012044
1.440000 0.054418
1.460000 0.096486
1.480000 0.135271
1.500000 0.166527
1.520000 0.198087
1.540000 0.232196
1.560000 0.273047
1.580000 0.287197
1.600000 0.306124
1.620000 0.322044
1.640000 0.351653
1.660000 0.377702
1.680000 0.415937
1.700000 0.453966
1.720000 0.480630
1.740000 0.491910
1.760000 0.494286
1.780000 0.507213
1.800000 0.518969
1.820000 0.530192
1.840000 0.551565
1.860000 0.564163
1.880000 0.567680
1.900000 0.562122
1.920000 0.559830
1.940000 0.556156
1.960000 0.541993
1.980000 0.511964
2.000000 0.491720
2.020000 0.475625
2.040000 0.467880
2.060000 0.474913
2.080000 0.482016
2.100000 0.484155
2.120000 0.481119
2.140000 0.473200
2.160000 0.483212
2.180000 0.493427
2.200000 0.503198
2.220000 0.515766
2.240000 0.523986
2.260000 0.530713
2.280000 0.536959
2.300000 0.537499
2.320000 0.538377
2.340000 0.531265
2.360000 0.523490
2.380000 0.522977
2.400000 0.526079
2.420000 0.529027
2.440000 0.517267
2.460000 0.491111
2.480000 0.454164
2.500000 0.409039
2.520000 0.348922
2.540000 0.291470
2.560000 0.238786
2.580000 0.182533
2.600000 0.132340
2.620000 0.084793
2.640000 0.028690
2.660000 -0.030142
2.680000 -0.107677
2.700000 -0.196189
2.720000 -0.282459
2.740000 -0.362092
2.760000 -0.411019
2.780000 -0.450039
2.800000 -0.482475
2.820000 -0.535964
2.840000 -0.583369
2.860000 -0.635430
2.880000 -0.685971
2.900000 -0.737863
2.920000 -0.784563
2.940000 -0.819198
2.960000 -0.858207
2.980000 -0.899053
3.000000 -0.944940
3.020000 -0.987787
3.040000 -1.018478
3.060000 -1.043030
3.080000 -1.049477
3.100000 -1.063064
3.120000 -1.073515
3.140000 -1.067921
3.160000 -1.063338
3.180000 -1.044549
3.200000 -1.028673
3.220000 -1.016534
3.240000 -1.011588
3.260000 -1.000926
3.280000 -0.984602
3.300000 -0.979566
3.320000 -0.965023
3.340000 -0.943999
3.360000 -0.924721
3.380000 -0.906633
3.400000 -0.883386
3.420000 -0.856917
3.440000 -0.832894
3.460000 -0.819043
3.480000 -0.806210
3.500000 -0.804370
3.520000 -0.790019
3.540000 -0.745354
3.560000 -0.696239
3.580000 -0.654173
3.600000 -0.608250
3.620000 -0.564341
3.640000 -0.507919
3.660000 -0.442836
3.680000 -0.387528
3.700000 -0.342955
3.720000 -0.313842
3.740000 -0.282326
3.760000 -0.266465
3.780000 -0.258505
3.800000 -0.253146
3.820000 -0.250897
3.840000 -0.239188
3.860000 -0.232563
3.880000 -0.237836
3.900000 -0.244783
3.920000 -0.241567
3.940000 -0.237361
3.960000 -0.230568
3.980000 -0.239110
4.000000 -0.251330
4.020000 -0.247905
4.040000 -0.245871
4.060000 -0.237905
4.080000 -0.222642
4.100000 -0.207268
4.120000 -0.197906
4.140000 -0.203121
4.160000 -0.208564
4.180000 -0.211039
4.200000 -0.225910
4.220000 -0.241043
4.240000 -0.243977
4.260000 -0.242696
4.280000 -0.249724
4.300000 -0.239832
4.320000 -0.215614
4.340000 -0.189791
4.360000 -0.168060
4.380000 -0.143189
4.400000 -0.120283
4.420000 -0.097925
4.440000 -0.075969
4.460000 -0.051900
4.480000 -0.031228
4.500000 0.005789
4.520000 0.039091
4.540000 0.086132
4.560000 0.147431
4.580000 0.207293
4.600000 0.266017
4.620000 0.319347
4.640000 0.372204
4.660000 0.420309
4.680000 0.471675
4.700000 0.515700
4.720000 0.548622
4.740000 0.579357
4.760000 0.616079
4.780000 0.644898
4.800000 0.653673
4.820000 0.639149
4.840000 0.624002
4.860000 0.598715
4.880000 0.569466
4.900000 0.541107
4.920000 0.512451
4.940000 0.481327
4.960000 0.448824
4.980000 0.417130
5.000000 0.391441
5.020000 0.374469
5.040000 0.366690
5.060000 0.357755
5.080000 0.340153
5.100000 0.312507
5.120000 0.279711
5.140000 0.256761
5.160000 0.241790
5.180000 0.222303
5.200000 0.216820
5.220000 0.201448
5.240000 0.183519
5.260000 0.176534
5.280000 0.163946
5.300000 0.141820
5.320000 0.117924
5.340000 0.084672
5.360000 0.042372
5.380000 0.013034
5.400000 -0.012512
5.420000 -0.046403
5.440000 -0.083261
5.460000 -0.107613
5.480000 -0.137526
5.500000 -0.164264
5.520000 -0.182354
5.540000 -0.199664
5.560000 -0.215333
5.580000 -0.228144
5.600000 -0.230677
5.620000 -0.235107
5.640000 -0.242115
5.660000 -0.248807
5.680000 -0.271553
5.700000 -0.298178
5.720000 -0.340150
5.740000 -0.373944
5.760000 -0.401357
5.780000 -0.425470
5.800000 -0.449273
5.820000 -0.464099
5.840000 -0.480290
5.860000 -0.495578
5.880000 -0.511941
5.900000 -0.533389
5.920000 -0.555642
5.940000 -0.568477
5.960000 -0.581263
5.980000 -0.585806
6.000000 -0.588749
6.020000 -0.596663
6.040000 -0.609642
6.060000 -0.611841
6.080000 -0.606494
6.100000 -0.597918
6.120000 -0.607160
6.140000 -0.619591
6.160000 -0.630263
6.180000 -0.635657
6.200000 -0.655326
6.220000 -0.668994
6.240000 -0.676017
6.260000 -0.678699
6.280000 -0.675923
6.300000 -0.676900
6.320000 -0.674090
6.340000 -0.676579
6.360000 -0.681472
6.380000 -0.676514
6.400000 -0.682013
6.420000 -0.695818
6.440000 -0.701637
6.460000 -0.710777
6.480000 -0.714490
6.500000 -0.722640
6.520000 -0.743874
6.540000 -0.752557
6.560000 -0.748279
6.580000 -0.737981
6.600000 -0.719435
6.620000 -0.703992
6.640000 -0.703670
6.660000 -0.701282
6.680000 -0.714901
6.700000 -0.736686
6.720000 -0.743001
6.740000 -0.733836
6.760000 -0.715468
6.780000 -0.716207
6.800000 -0.727592
6.820000 -0.742665
6.840000 -0.754037
6.860000 -0.758229
6.880000 -0.748950
6.900000 -0.732665
6.920000 -0.719366
6.940000 -0.696269
6.960000 -0.684542
6.980000 -0.670553
7.000000 -0.643684
7.020000 -0.626785
7.040000 -0.611170
7.060000 -0.599101
7.080000 -0.585751
7.100000 -0.574603
7.120000 -0.574287
7.140000 -0.593340
7.160000 -0.619887
7.180000 -0.658132
7.200000 -0.696994
7.220000 -0.721854
7.240000 -0.760867
7.260000 -0.795372
7.280000 -0.815370
7.300000 -0.840653
7.320000 -0.859781
7.340000 -0.867577
7.360000 -0.866603
7.380000 -0.882224
7.400000 -0.891611
7.420000 -0.891890
7.440000 -0.890977
7.460000 -0.888391
7.480000 -0.887551
7.500000 -0.902260
7.520000 -0.932086
7.540000 -0.964624
7.560000 -0.988488
7.580000 -1.003994
7.600000 -1.014187
7.620000 -1.038471
7.640000 -1.064874
7.660000 -1.077665
7.680000 -1.075907
7.700000 -1.070567
7.720000 -1.061290
7.740000 -1.071827
7.760000 -1.086945
7.780000 -1.076911
7.800000 -1.058626
7.820000 -1.036095
7.840000 -1.014742
7.860000 -0.997305
7.880000 -0.991956
7.900000 -0.993925
7.920000 -1.001276
7.940000 -0.992512
7.960000 -0.956918
7.980000 -0.909967
8.000000 -0.858653
8.020000 -0.801889
8.040000 -0.742605
8.060000 -0.684432
8.080000 -0.624602
8.100000 -0.572370
8.120000 -0.533617
8.140000 -0.497318
8.160000 -0.470219
8.180000 -0.446746
8.200000 -0.431323
8.220000 -0.406630
8.240000 -0.371036
8.260000 -0.330692
8.280000 -0.287977
8.300000 -0.250029
8.320000 -0.213537
8.340000 -0.169186
8.360000 -0.118226
8.380000 -0.066275
8.400000 -0.020302
8.420000 0.031052
8.440000 0.088524
8.460000 0.137414
8.480000 0.184098
8.500000 0.217438
8.520000 0.247457
8.540000 0.275299
8.560000 0.299653
8.580000 0.343402
8.600000 0.391090
8.620000 0.440042
8.640000 0.484897
8.660000 0.525244
8.680000 0.556824
8.700000 0.594786
8.720000 0.637664
8.740000 0.683494
8.760000 0.704919
8.780000 0.729719
8.800000 0.753000
8.820000 0.773426
8.840000 0.790091
8.860000 0.805336
8.880000 0.811154
8.900000 0.801750
8.920000 0.782974
8.940000 0.756288
8.960000 0.731729
8.980000 0.712232
9.000000 0.687284
9.020000 0.669248
9.040000 0.645935
9.060000 0.620011
9.080000 0.597190
9.100000 0.565238
9.120000 0.524800
9.140000 0.483962
9.160000 0.440927
9.180000 0.390763
9.200000 0.335075
9.220000 0.290856
9.240000 0.243879
9.260000 0.195956
9.280000 0.144412
9.300000 0.093487
9.320000 0.046692
9.340000 0.001171
9.360000 -0.042984
9.380000 -0.096169
9.400000 -0.155195
9.420000 -0.201569
9.440000 -0.239809
9.460000 -0.263891
9.480000 -0.285282
9.500000 -0.318025
9.520000 -0.331435
9.540000 -0.337231
9.560000 -0.336284
9.580000 -0.327074
9.600000 -0.326781
9.620000 -0.322373
9.640000 -0.309762
9.660000 -0.295675
9.680000 -0.286640
9.700000 -0.279772
9.720000 -0.258823
9.740000 -0.230930
9.760000 -0.200602
9.780000 -0.166731
9.800000 -0.128477
9.820000 -0.093718
9.840000 -0.070928
9.860000 -0.048081
9.880000 -0.039020
9.900000 -0.032385
9.920000 -0.029213
9.940000 -0.021140
9.960000 -0.017743
9.980000 -0.011537
